{
  "RSpec": {
    "coverage": {
      "/home/proactive-monitor-6815/tic-tac-toe-rb-online-web-sp-000/lib/tic_tac_toe.rb": [
        null,
        1,
        null,
        null,
        null,
        null,
        null,
        null,
        null,
        null,
        null,
        1,
        24,
        24,
        24,
        24,
        24,
        null,
        null,
        1,
        0,
        0,
        null,
        null,
        1,
        0,
        null,
        null,
        1,
        23,
        23,
        null,
        null,
        1,
        23,
        null,
        null,
        1,
        25,
        null,
        null,
        1,
        23,
        null,
        null,
        1,
        20,
        20,
        19,
        19,
        1,
        1,
        1,
        null,
        19,
        19,
        19,
        null,
        null,
        1,
        21,
        21,
        189,
        31,
        null,
        null,
        21,
        null,
        null,
        1,
        20,
        20,
        null,
        null,
        1,
        50,
        322,
        311,
        null,
        null,
        null,
        1,
        300,
        null,
        null,
        1,
        15,
        null,
        null,
        1,
        21,
        null,
        null,
        1,
        6,
        5,
        22,
        3,
        null,
        2,
        null,
        null,
        null,
        null,
        1,
        12,
        18,
        null,
        11,
        4,
        4,
        null,
        7,
        null,
        null
      ]
    },
    "timestamp": 1598999601
  }
}
