{
  "RSpec": {
    "coverage": {
      "/home/proactive-monitor-6815/tic-tac-toe-rb-online-web-sp-000/lib/tic_tac_toe.rb": [
        null,
        1,
        null,
        null,
        null,
        null,
        null,
        null,
        null,
        null,
        null,
        1,
        20,
        20,
        20,
        20,
        20,
        null,
        null,
        1,
        0,
        0,
        null,
        null,
        1,
        0,
        null,
        null,
        1,
        19,
        19,
        null,
        null,
        1,
        19,
        null,
        null,
        1,
        21,
        null,
        null,
        1,
        19,
        null,
        null,
        1,
        15,
        15,
        15,
        15,
        1,
        1,
        1,
        null,
        15,
        15,
        15,
        null,
        null,
        1,
        17,
        17,
        153,
        13,
        null,
        null,
        17,
        null,
        null,
        1,
        16,
        16,
        null,
        null,
        1,
        44,
        239,
        223,
        null,
        null,
        null,
        1,
        200,
        null,
        null,
        1,
        10,
        null,
        null,
        1,
        17,
        null,
        null,
        1,
        8,
        7,
        24,
        5,
        null,
        2,
        null,
        null,
        null,
        null,
        1,
        12,
        13,
        null,
        12,
        6,
        6,
        null,
        6,
        null,
        null
      ]
    },
    "timestamp": 1598999334
  }
}
